===2018-12-03 19:16:52.439 INFO  com.stylefeng.guns.GunsApplication Line:50  - Starting GunsApplication on DESKTOP-2V65CON with PID 3516 (F:\code\guns\guns-admin\target\classes started by 孟维梵 in F:\code\guns)
===2018-12-03 19:16:52.441 INFO  com.stylefeng.guns.GunsApplication Line:663 - The following profiles are active: dev
===2018-12-03 19:16:52.524 INFO  org.springframework.boot.web.servlet.context.AnnotationConfigServletWebServerApplicationContext Line:590 - Refreshing org.springframework.boot.web.servlet.context.AnnotationConfigServletWebServerApplicationContext@6cf0871e: startup date [Mon Dec 03 19:16:52 CST 2018]; root of context hierarchy
===2018-12-03 19:16:53.696 INFO  org.springframework.beans.factory.support.DefaultListableBeanFactory Line:824 - Overriding bean definition for bean 'error' with a different definition: replacing [Root bean: class [null]; scope=; abstract=false; lazyInit=false; autowireMode=3; dependencyCheck=0; autowireCandidate=true; primary=false; factoryBeanName=org.springframework.boot.autoconfigure.web.servlet.error.ErrorMvcAutoConfiguration$WhitelabelErrorViewConfiguration; factoryMethodName=defaultErrorView; initMethodName=null; destroyMethodName=(inferred); defined in class path resource [org/springframework/boot/autoconfigure/web/servlet/error/ErrorMvcAutoConfiguration$WhitelabelErrorViewConfiguration.class]] with [Root bean: class [null]; scope=; abstract=false; lazyInit=false; autowireMode=3; dependencyCheck=0; autowireCandidate=true; primary=false; factoryBeanName=com.stylefeng.guns.core.config.DefaultWebConfig; factoryMethodName=error; initMethodName=null; destroyMethodName=(inferred); defined in class path resource [com/stylefeng/guns/core/config/DefaultWebConfig.class]]
===2018-12-03 19:16:53.960 INFO  org.springframework.context.support.PostProcessorRegistrationDelegate$BeanPostProcessorChecker Line:328 - Bean 'shiroConfig' of type [com.stylefeng.guns.config.web.ShiroConfig$$EnhancerBySpringCGLIB$$20adab3f] is not eligible for getting processed by all BeanPostProcessors (for example: not eligible for auto-proxying)
===2018-12-03 19:16:54.014 INFO  org.springframework.context.support.PostProcessorRegistrationDelegate$BeanPostProcessorChecker Line:328 - Bean 'rememberMeCookie' of type [org.apache.shiro.web.servlet.SimpleCookie] is not eligible for getting processed by all BeanPostProcessors (for example: not eligible for auto-proxying)
===2018-12-03 19:16:54.480 INFO  org.springframework.context.support.PostProcessorRegistrationDelegate$BeanPostProcessorChecker Line:328 - Bean 'rememberMeManager' of type [org.apache.shiro.web.mgt.CookieRememberMeManager] is not eligible for getting processed by all BeanPostProcessors (for example: not eligible for auto-proxying)
===2018-12-03 19:16:54.487 INFO  org.springframework.context.support.PostProcessorRegistrationDelegate$BeanPostProcessorChecker Line:328 - Bean 'ehCacheConfig' of type [com.stylefeng.guns.config.EhCacheConfig$$EnhancerBySpringCGLIB$$2bbd2b47] is not eligible for getting processed by all BeanPostProcessors (for example: not eligible for auto-proxying)
===2018-12-03 19:16:54.492 INFO  org.springframework.cache.ehcache.EhCacheManagerFactoryBean Line:134 - Initializing EhCache CacheManager
===2018-12-03 19:16:54.577 INFO  org.springframework.context.support.PostProcessorRegistrationDelegate$BeanPostProcessorChecker Line:328 - Bean 'ehcache' of type [org.springframework.cache.ehcache.EhCacheManagerFactoryBean] is not eligible for getting processed by all BeanPostProcessors (for example: not eligible for auto-proxying)
===2018-12-03 19:16:54.582 INFO  org.springframework.context.support.PostProcessorRegistrationDelegate$BeanPostProcessorChecker Line:328 - Bean 'getCacheShiroManager' of type [org.apache.shiro.cache.ehcache.EhCacheManager] is not eligible for getting processed by all BeanPostProcessors (for example: not eligible for auto-proxying)
===2018-12-03 19:16:54.595 INFO  org.springframework.context.support.PostProcessorRegistrationDelegate$BeanPostProcessorChecker Line:328 - Bean 'org.springframework.boot.context.properties.ConversionServiceDeducer$Factory' of type [org.springframework.boot.context.properties.ConversionServiceDeducer$Factory] is not eligible for getting processed by all BeanPostProcessors (for example: not eligible for auto-proxying)
===2018-12-03 19:16:54.603 INFO  org.springframework.context.support.PostProcessorRegistrationDelegate$BeanPostProcessorChecker Line:328 - Bean 'gunsProperties' of type [com.stylefeng.guns.config.properties.GunsProperties] is not eligible for getting processed by all BeanPostProcessors (for example: not eligible for auto-proxying)
===2018-12-03 19:16:54.618 INFO  org.springframework.context.support.PostProcessorRegistrationDelegate$BeanPostProcessorChecker Line:328 - Bean 'defaultWebSessionManager' of type [org.apache.shiro.web.session.mgt.DefaultWebSessionManager] is not eligible for getting processed by all BeanPostProcessors (for example: not eligible for auto-proxying)
===2018-12-03 19:16:54.638 INFO  org.springframework.context.support.PostProcessorRegistrationDelegate$BeanPostProcessorChecker Line:328 - Bean 'shiroDbRealm' of type [com.stylefeng.guns.core.shiro.ShiroDbRealm] is not eligible for getting processed by all BeanPostProcessors (for example: not eligible for auto-proxying)
===2018-12-03 19:16:54.639 INFO  org.apache.shiro.cache.ehcache.EhCacheManager Line:158 - Cache with name 'com.stylefeng.guns.core.shiro.ShiroDbRealm.authorizationCache' does not yet exist.  Creating now.
===2018-12-03 19:16:54.645 INFO  org.apache.shiro.cache.ehcache.EhCacheManager Line:165 - Added EhCache named [com.stylefeng.guns.core.shiro.ShiroDbRealm.authorizationCache]
===2018-12-03 19:16:54.654 INFO  org.springframework.context.support.PostProcessorRegistrationDelegate$BeanPostProcessorChecker Line:328 - Bean 'securityManager' of type [org.apache.shiro.web.mgt.DefaultWebSecurityManager] is not eligible for getting processed by all BeanPostProcessors (for example: not eligible for auto-proxying)
===2018-12-03 19:16:54.661 INFO  org.springframework.context.support.PostProcessorRegistrationDelegate$BeanPostProcessorChecker Line:328 - Bean 'methodInvokingFactoryBean' of type [org.springframework.beans.factory.config.MethodInvokingFactoryBean] is not eligible for getting processed by all BeanPostProcessors (for example: not eligible for auto-proxying)
===2018-12-03 19:16:54.667 INFO  org.springframework.context.support.PostProcessorRegistrationDelegate$BeanPostProcessorChecker Line:328 - Bean 'webConfig' of type [com.stylefeng.guns.config.web.WebConfig$$EnhancerBySpringCGLIB$$ba923c82] is not eligible for getting processed by all BeanPostProcessors (for example: not eligible for auto-proxying)
===2018-12-03 19:16:54.717 INFO  org.springframework.context.support.PostProcessorRegistrationDelegate$BeanPostProcessorChecker Line:328 - Bean 'authorizationAttributeSourceAdvisor' of type [org.apache.shiro.spring.security.interceptor.AuthorizationAttributeSourceAdvisor] is not eligible for getting processed by all BeanPostProcessors (for example: not eligible for auto-proxying)
===2018-12-03 19:16:54.725 INFO  org.springframework.context.support.PostProcessorRegistrationDelegate$BeanPostProcessorChecker Line:328 - Bean 'druidStatPointcut' of type [org.springframework.aop.support.JdkRegexpMethodPointcut] is not eligible for getting processed by all BeanPostProcessors (for example: not eligible for auto-proxying)
===2018-12-03 19:16:54.733 INFO  org.springframework.context.support.PostProcessorRegistrationDelegate$BeanPostProcessorChecker Line:328 - Bean 'druidStatInterceptor' of type [com.alibaba.druid.support.spring.stat.DruidStatInterceptor] is not eligible for getting processed by all BeanPostProcessors (for example: not eligible for auto-proxying)
===2018-12-03 19:16:54.736 INFO  org.springframework.context.support.PostProcessorRegistrationDelegate$BeanPostProcessorChecker Line:328 - Bean 'druidStatAdvisor' of type [org.springframework.aop.support.DefaultPointcutAdvisor] is not eligible for getting processed by all BeanPostProcessors (for example: not eligible for auto-proxying)
===2018-12-03 19:16:54.780 INFO  org.springframework.context.support.PostProcessorRegistrationDelegate$BeanPostProcessorChecker Line:328 - Bean 'org.springframework.cache.annotation.ProxyCachingConfiguration' of type [org.springframework.cache.annotation.ProxyCachingConfiguration$$EnhancerBySpringCGLIB$$576b6922] is not eligible for getting processed by all BeanPostProcessors (for example: not eligible for auto-proxying)
===2018-12-03 19:16:54.896 INFO  org.springframework.context.support.PostProcessorRegistrationDelegate$BeanPostProcessorChecker Line:328 - Bean 'org.springframework.transaction.annotation.ProxyTransactionManagementConfiguration' of type [org.springframework.transaction.annotation.ProxyTransactionManagementConfiguration$$EnhancerBySpringCGLIB$$e593304] is not eligible for getting processed by all BeanPostProcessors (for example: not eligible for auto-proxying)
===2018-12-03 19:16:55.337 INFO  org.springframework.boot.web.embedded.tomcat.TomcatWebServer Line:91  - Tomcat initialized with port(s): 8080 (http)
===2018-12-03 19:16:55.347 INFO  org.apache.coyote.http11.Http11NioProtocol Line:180 - Initializing ProtocolHandler ["http-nio-8080"]
===2018-12-03 19:16:55.355 INFO  org.apache.catalina.core.StandardService Line:180 - Starting service [Tomcat]
===2018-12-03 19:16:55.355 INFO  org.apache.catalina.core.StandardEngine Line:180 - Starting Servlet Engine: Apache Tomcat/8.5.29
===2018-12-03 19:16:55.358 INFO  org.apache.catalina.core.AprLifecycleListener Line:180 - The APR based Apache Tomcat Native library which allows optimal performance in production environments was not found on the java.library.path: [C:\Program Files\Java\jdk1.8.0_172\bin;C:\WINDOWS\Sun\Java\bin;C:\WINDOWS\system32;C:\WINDOWS;C:\Program Files (x86)\Common Files\Oracle\Java\javapath;C:\WINDOWS\system32;C:\WINDOWS;C:\WINDOWS\System32\Wbem;C:\WINDOWS\System32\WindowsPowerShell\v1.0\;C:\WINDOWS\System32\OpenSSH\;%JAVA-HOME%\bin;C:\Program Files\TortoiseSVN\bin;C:\Program Files\Git\cmd;C:\Program Files\Java\jdk1.8.0_172\bin;C:\Program Files\nodejs\;C:\Users\孟维梵\AppData\Local\Microsoft\WindowsApps;C:\Program Files\Bandizip\;C:\Users\孟维梵\AppData\Roaming\npm;.]
===2018-12-03 19:16:55.474 INFO  org.apache.catalina.core.ContainerBase.[Tomcat].[localhost].[/] Line:180 - Initializing Spring embedded WebApplicationContext
===2018-12-03 19:16:55.474 INFO  org.springframework.web.context.ContextLoader Line:285 - Root WebApplicationContext: initialization completed in 2951 ms
===2018-12-03 19:16:55.753 INFO  org.springframework.boot.web.servlet.ServletRegistrationBean Line:185 - Servlet statViewServlet mapped to [/druid/*]
===2018-12-03 19:16:55.755 INFO  org.springframework.boot.web.servlet.ServletRegistrationBean Line:185 - Servlet dispatcherServlet mapped to [/]
===2018-12-03 19:16:55.759 INFO  org.springframework.boot.web.servlet.FilterRegistrationBean Line:244 - Mapping filter: 'characterEncodingFilter' to: [/*]
===2018-12-03 19:16:55.759 INFO  org.springframework.boot.web.servlet.FilterRegistrationBean Line:244 - Mapping filter: 'hiddenHttpMethodFilter' to: [/*]
===2018-12-03 19:16:55.760 INFO  org.springframework.boot.web.servlet.FilterRegistrationBean Line:244 - Mapping filter: 'httpPutFormContentFilter' to: [/*]
===2018-12-03 19:16:55.760 INFO  org.springframework.boot.web.servlet.FilterRegistrationBean Line:244 - Mapping filter: 'requestContextFilter' to: [/*]
===2018-12-03 19:16:55.760 INFO  org.springframework.boot.web.servlet.FilterRegistrationBean Line:257 - Mapping filter: 'webStatFilter' to urls: [/*]
===2018-12-03 19:16:55.760 INFO  org.springframework.boot.web.servlet.FilterRegistrationBean Line:257 - Mapping filter: 'xssFilter' to urls: [/*]
===2018-12-03 19:16:55.760 INFO  org.springframework.boot.web.servlet.FilterRegistrationBean Line:244 - Mapping filter: 'shiroFilter' to: [/*]
===2018-12-03 19:16:56.379 INFO  com.alibaba.druid.pool.DruidDataSource Line:930 - {dataSource-1} inited
===2018-12-03 19:16:57.648 INFO  org.springframework.web.servlet.mvc.method.annotation.RequestMappingHandlerMapping Line:547 - Mapped "{[/gunsApi/test],methods=[POST]}" onto public java.lang.Object com.stylefeng.guns.modular.api.ApiController.test()
===2018-12-03 19:16:57.650 INFO  org.springframework.web.servlet.mvc.method.annotation.RequestMappingHandlerMapping Line:547 - Mapped "{[/gunsApi/auth]}" onto public java.lang.Object com.stylefeng.guns.modular.api.ApiController.auth(java.lang.String,java.lang.String)
===2018-12-03 19:16:57.651 INFO  org.springframework.web.servlet.mvc.method.annotation.RequestMappingHandlerMapping Line:547 - Mapped "{[/code/generate],methods=[POST]}" onto public java.lang.Object com.stylefeng.guns.modular.code.controller.CodeController.generate(com.stylefeng.guns.generator.action.model.GenQo)
===2018-12-03 19:16:57.651 INFO  org.springframework.web.servlet.mvc.method.annotation.RequestMappingHandlerMapping Line:547 - Mapped "{[/code]}" onto public java.lang.String com.stylefeng.guns.modular.code.controller.CodeController.blackboard(org.springframework.ui.Model)
===2018-12-03 19:16:57.652 INFO  org.springframework.web.servlet.mvc.method.annotation.RequestMappingHandlerMapping Line:547 - Mapped "{[/blackboard]}" onto public java.lang.String com.stylefeng.guns.modular.system.controller.BlackboardController.blackboard(org.springframework.ui.Model)
===2018-12-03 19:16:57.655 INFO  org.springframework.web.servlet.mvc.method.annotation.RequestMappingHandlerMapping Line:547 - Mapped "{[/dept]}" onto public java.lang.String com.stylefeng.guns.modular.system.controller.DeptController.index()
===2018-12-03 19:16:57.655 INFO  org.springframework.web.servlet.mvc.method.annotation.RequestMappingHandlerMapping Line:547 - Mapped "{[/dept/add]}" onto public java.lang.Object com.stylefeng.guns.modular.system.controller.DeptController.add(com.stylefeng.guns.modular.system.model.Dept)
===2018-12-03 19:16:57.655 INFO  org.springframework.web.servlet.mvc.method.annotation.RequestMappingHandlerMapping Line:547 - Mapped "{[/dept/update]}" onto public java.lang.Object com.stylefeng.guns.modular.system.controller.DeptController.update(com.stylefeng.guns.modular.system.model.Dept)
===2018-12-03 19:16:57.656 INFO  org.springframework.web.servlet.mvc.method.annotation.RequestMappingHandlerMapping Line:547 - Mapped "{[/dept/delete]}" onto public java.lang.Object com.stylefeng.guns.modular.system.controller.DeptController.delete(java.lang.Integer)
===2018-12-03 19:16:57.656 INFO  org.springframework.web.servlet.mvc.method.annotation.RequestMappingHandlerMapping Line:547 - Mapped "{[/dept/list]}" onto public java.lang.Object com.stylefeng.guns.modular.system.controller.DeptController.list(java.lang.String)
===2018-12-03 19:16:57.656 INFO  org.springframework.web.servlet.mvc.method.annotation.RequestMappingHandlerMapping Line:547 - Mapped "{[/dept/tree]}" onto public java.util.List<com.stylefeng.guns.core.node.ZTreeNode> com.stylefeng.guns.modular.system.controller.DeptController.tree()
===2018-12-03 19:16:57.657 INFO  org.springframework.web.servlet.mvc.method.annotation.RequestMappingHandlerMapping Line:547 - Mapped "{[/dept/detail/{deptId}]}" onto public java.lang.Object com.stylefeng.guns.modular.system.controller.DeptController.detail(java.lang.Integer)
===2018-12-03 19:16:57.657 INFO  org.springframework.web.servlet.mvc.method.annotation.RequestMappingHandlerMapping Line:547 - Mapped "{[/dept/dept_add]}" onto public java.lang.String com.stylefeng.guns.modular.system.controller.DeptController.deptAdd()
===2018-12-03 19:16:57.657 INFO  org.springframework.web.servlet.mvc.method.annotation.RequestMappingHandlerMapping Line:547 - Mapped "{[/dept/dept_update/{deptId}]}" onto public java.lang.String com.stylefeng.guns.modular.system.controller.DeptController.deptUpdate(java.lang.Integer,org.springframework.ui.Model)
===2018-12-03 19:16:57.660 INFO  org.springframework.web.servlet.mvc.method.annotation.RequestMappingHandlerMapping Line:547 - Mapped "{[/dict]}" onto public java.lang.String com.stylefeng.guns.modular.system.controller.DictController.index()
===2018-12-03 19:16:57.660 INFO  org.springframework.web.servlet.mvc.method.annotation.RequestMappingHandlerMapping Line:547 - Mapped "{[/dict/add]}" onto public java.lang.Object com.stylefeng.guns.modular.system.controller.DictController.add(java.lang.String,java.lang.String,java.lang.String,java.lang.String)
===2018-12-03 19:16:57.661 INFO  org.springframework.web.servlet.mvc.method.annotation.RequestMappingHandlerMapping Line:547 - Mapped "{[/dict/update]}" onto public java.lang.Object com.stylefeng.guns.modular.system.controller.DictController.update(java.lang.Integer,java.lang.String,java.lang.String,java.lang.String,java.lang.String)
===2018-12-03 19:16:57.661 INFO  org.springframework.web.servlet.mvc.method.annotation.RequestMappingHandlerMapping Line:547 - Mapped "{[/dict/delete]}" onto public java.lang.Object com.stylefeng.guns.modular.system.controller.DictController.delete(java.lang.Integer)
===2018-12-03 19:16:57.661 INFO  org.springframework.web.servlet.mvc.method.annotation.RequestMappingHandlerMapping Line:547 - Mapped "{[/dict/list]}" onto public java.lang.Object com.stylefeng.guns.modular.system.controller.DictController.list(java.lang.String)
===2018-12-03 19:16:57.662 INFO  org.springframework.web.servlet.mvc.method.annotation.RequestMappingHandlerMapping Line:547 - Mapped "{[/dict/detail/{dictId}]}" onto public java.lang.Object com.stylefeng.guns.modular.system.controller.DictController.detail(java.lang.Integer)
===2018-12-03 19:16:57.662 INFO  org.springframework.web.servlet.mvc.method.annotation.RequestMappingHandlerMapping Line:547 - Mapped "{[/dict/dict_add]}" onto public java.lang.String com.stylefeng.guns.modular.system.controller.DictController.deptAdd()
===2018-12-03 19:16:57.662 INFO  org.springframework.web.servlet.mvc.method.annotation.RequestMappingHandlerMapping Line:547 - Mapped "{[/dict/dict_edit/{dictId}]}" onto public java.lang.String com.stylefeng.guns.modular.system.controller.DictController.deptUpdate(java.lang.Integer,org.springframework.ui.Model)
===2018-12-03 19:16:57.663 INFO  org.springframework.web.servlet.mvc.method.annotation.RequestMappingHandlerMapping Line:547 - Mapped "{[/kaptcha]}" onto public void com.stylefeng.guns.modular.system.controller.KaptchaController.index(javax.servlet.http.HttpServletRequest,javax.servlet.http.HttpServletResponse)
===2018-12-03 19:16:57.663 INFO  org.springframework.web.servlet.mvc.method.annotation.RequestMappingHandlerMapping Line:547 - Mapped "{[/kaptcha/{pictureId}]}" onto public void com.stylefeng.guns.modular.system.controller.KaptchaController.renderPicture(java.lang.String,javax.servlet.http.HttpServletResponse)
===2018-12-03 19:16:57.664 INFO  org.springframework.web.servlet.mvc.method.annotation.RequestMappingHandlerMapping Line:547 - Mapped "{[/log]}" onto public java.lang.String com.stylefeng.guns.modular.system.controller.LogController.index()
===2018-12-03 19:16:57.664 INFO  org.springframework.web.servlet.mvc.method.annotation.RequestMappingHandlerMapping Line:547 - Mapped "{[/log/list]}" onto public java.lang.Object com.stylefeng.guns.modular.system.controller.LogController.list(java.lang.String,java.lang.String,java.lang.String,java.lang.Integer)
===2018-12-03 19:16:57.664 INFO  org.springframework.web.servlet.mvc.method.annotation.RequestMappingHandlerMapping Line:547 - Mapped "{[/log/detail/{id}]}" onto public java.lang.Object com.stylefeng.guns.modular.system.controller.LogController.detail(java.lang.Integer)
===2018-12-03 19:16:57.665 INFO  org.springframework.web.servlet.mvc.method.annotation.RequestMappingHandlerMapping Line:547 - Mapped "{[/log/delLog]}" onto public java.lang.Object com.stylefeng.guns.modular.system.controller.LogController.delLog()
===2018-12-03 19:16:57.665 INFO  org.springframework.web.servlet.mvc.method.annotation.RequestMappingHandlerMapping Line:547 - Mapped "{[/],methods=[GET]}" onto public java.lang.String com.stylefeng.guns.modular.system.controller.LoginController.index(org.springframework.ui.Model)
===2018-12-03 19:16:57.665 INFO  org.springframework.web.servlet.mvc.method.annotation.RequestMappingHandlerMapping Line:547 - Mapped "{[/logout],methods=[GET]}" onto public java.lang.String com.stylefeng.guns.modular.system.controller.LoginController.logOut()
===2018-12-03 19:16:57.666 INFO  org.springframework.web.servlet.mvc.method.annotation.RequestMappingHandlerMapping Line:547 - Mapped "{[/login],methods=[GET]}" onto public java.lang.String com.stylefeng.guns.modular.system.controller.LoginController.login()
===2018-12-03 19:16:57.666 INFO  org.springframework.web.servlet.mvc.method.annotation.RequestMappingHandlerMapping Line:547 - Mapped "{[/login],methods=[POST]}" onto public java.lang.String com.stylefeng.guns.modular.system.controller.LoginController.loginVali()
===2018-12-03 19:16:57.667 INFO  org.springframework.web.servlet.mvc.method.annotation.RequestMappingHandlerMapping Line:547 - Mapped "{[/loginLog]}" onto public java.lang.String com.stylefeng.guns.modular.system.controller.LoginLogController.index()
===2018-12-03 19:16:57.667 INFO  org.springframework.web.servlet.mvc.method.annotation.RequestMappingHandlerMapping Line:547 - Mapped "{[/loginLog/list]}" onto public java.lang.Object com.stylefeng.guns.modular.system.controller.LoginLogController.list(java.lang.String,java.lang.String,java.lang.String)
===2018-12-03 19:16:57.667 INFO  org.springframework.web.servlet.mvc.method.annotation.RequestMappingHandlerMapping Line:547 - Mapped "{[/loginLog/delLoginLog]}" onto public java.lang.Object com.stylefeng.guns.modular.system.controller.LoginLogController.delLog()
===2018-12-03 19:16:57.669 INFO  org.springframework.web.servlet.mvc.method.annotation.RequestMappingHandlerMapping Line:547 - Mapped "{[/menu]}" onto public java.lang.String com.stylefeng.guns.modular.system.controller.MenuController.index()
===2018-12-03 19:16:57.669 INFO  org.springframework.web.servlet.mvc.method.annotation.RequestMappingHandlerMapping Line:547 - Mapped "{[/menu/add]}" onto public com.stylefeng.guns.core.base.tips.Tip com.stylefeng.guns.modular.system.controller.MenuController.add(com.stylefeng.guns.modular.system.model.Menu,org.springframework.validation.BindingResult)
===2018-12-03 19:16:57.669 INFO  org.springframework.web.servlet.mvc.method.annotation.RequestMappingHandlerMapping Line:547 - Mapped "{[/menu/remove]}" onto public com.stylefeng.guns.core.base.tips.Tip com.stylefeng.guns.modular.system.controller.MenuController.remove(java.lang.Long)
===2018-12-03 19:16:57.669 INFO  org.springframework.web.servlet.mvc.method.annotation.RequestMappingHandlerMapping Line:547 - Mapped "{[/menu/list]}" onto public java.lang.Object com.stylefeng.guns.modular.system.controller.MenuController.list(java.lang.String,java.lang.String)
===2018-12-03 19:16:57.669 INFO  org.springframework.web.servlet.mvc.method.annotation.RequestMappingHandlerMapping Line:547 - Mapped "{[/menu/view/{menuId}]}" onto public com.stylefeng.guns.core.base.tips.Tip com.stylefeng.guns.modular.system.controller.MenuController.view(java.lang.Long)
===2018-12-03 19:16:57.670 INFO  org.springframework.web.servlet.mvc.method.annotation.RequestMappingHandlerMapping Line:547 - Mapped "{[/menu/selectMenuTreeList]}" onto public java.util.List<com.stylefeng.guns.core.node.ZTreeNode> com.stylefeng.guns.modular.system.controller.MenuController.selectMenuTreeList()
===2018-12-03 19:16:57.670 INFO  org.springframework.web.servlet.mvc.method.annotation.RequestMappingHandlerMapping Line:547 - Mapped "{[/menu/menuTreeListByRoleId/{roleId}]}" onto public java.util.List<com.stylefeng.guns.core.node.ZTreeNode> com.stylefeng.guns.modular.system.controller.MenuController.menuTreeListByRoleId(java.lang.Integer)
===2018-12-03 19:16:57.670 INFO  org.springframework.web.servlet.mvc.method.annotation.RequestMappingHandlerMapping Line:547 - Mapped "{[/menu/edit]}" onto public com.stylefeng.guns.core.base.tips.Tip com.stylefeng.guns.modular.system.controller.MenuController.edit(com.stylefeng.guns.modular.system.model.Menu,org.springframework.validation.BindingResult)
===2018-12-03 19:16:57.670 INFO  org.springframework.web.servlet.mvc.method.annotation.RequestMappingHandlerMapping Line:547 - Mapped "{[/menu/menuTreeList]}" onto public java.util.List<com.stylefeng.guns.core.node.ZTreeNode> com.stylefeng.guns.modular.system.controller.MenuController.menuTreeList()
===2018-12-03 19:16:57.671 INFO  org.springframework.web.servlet.mvc.method.annotation.RequestMappingHandlerMapping Line:547 - Mapped "{[/menu/menu_add]}" onto public java.lang.String com.stylefeng.guns.modular.system.controller.MenuController.menuAdd()
===2018-12-03 19:16:57.671 INFO  org.springframework.web.servlet.mvc.method.annotation.RequestMappingHandlerMapping Line:547 - Mapped "{[/menu/menu_edit/{menuId}]}" onto public java.lang.String com.stylefeng.guns.modular.system.controller.MenuController.menuEdit(java.lang.Long,org.springframework.ui.Model)
===2018-12-03 19:16:57.672 INFO  org.springframework.web.servlet.mvc.method.annotation.RequestMappingHandlerMapping Line:547 - Mapped "{[/notice]}" onto public java.lang.String com.stylefeng.guns.modular.system.controller.NoticeController.index()
===2018-12-03 19:16:57.672 INFO  org.springframework.web.servlet.mvc.method.annotation.RequestMappingHandlerMapping Line:547 - Mapped "{[/notice/add]}" onto public java.lang.Object com.stylefeng.guns.modular.system.controller.NoticeController.add(com.stylefeng.guns.modular.system.model.Notice)
===2018-12-03 19:16:57.672 INFO  org.springframework.web.servlet.mvc.method.annotation.RequestMappingHandlerMapping Line:547 - Mapped "{[/notice/update]}" onto public java.lang.Object com.stylefeng.guns.modular.system.controller.NoticeController.update(com.stylefeng.guns.modular.system.model.Notice)
===2018-12-03 19:16:57.672 INFO  org.springframework.web.servlet.mvc.method.annotation.RequestMappingHandlerMapping Line:547 - Mapped "{[/notice/delete]}" onto public java.lang.Object com.stylefeng.guns.modular.system.controller.NoticeController.delete(java.lang.Integer)
===2018-12-03 19:16:57.672 INFO  org.springframework.web.servlet.mvc.method.annotation.RequestMappingHandlerMapping Line:547 - Mapped "{[/notice/list]}" onto public java.lang.Object com.stylefeng.guns.modular.system.controller.NoticeController.list(java.lang.String)
===2018-12-03 19:16:57.673 INFO  org.springframework.web.servlet.mvc.method.annotation.RequestMappingHandlerMapping Line:547 - Mapped "{[/notice/notice_add]}" onto public java.lang.String com.stylefeng.guns.modular.system.controller.NoticeController.noticeAdd()
===2018-12-03 19:16:57.673 INFO  org.springframework.web.servlet.mvc.method.annotation.RequestMappingHandlerMapping Line:547 - Mapped "{[/notice/notice_update/{noticeId}]}" onto public java.lang.String com.stylefeng.guns.modular.system.controller.NoticeController.noticeUpdate(java.lang.Integer,org.springframework.ui.Model)
===2018-12-03 19:16:57.673 INFO  org.springframework.web.servlet.mvc.method.annotation.RequestMappingHandlerMapping Line:547 - Mapped "{[/notice/hello]}" onto public java.lang.String com.stylefeng.guns.modular.system.controller.NoticeController.hello()
===2018-12-03 19:16:57.674 INFO  org.springframework.web.servlet.mvc.method.annotation.RequestMappingHandlerMapping Line:547 - Mapped "{[/role]}" onto public java.lang.String com.stylefeng.guns.modular.system.controller.RoleController.index()
===2018-12-03 19:16:57.675 INFO  org.springframework.web.servlet.mvc.method.annotation.RequestMappingHandlerMapping Line:547 - Mapped "{[/role/add]}" onto public com.stylefeng.guns.core.base.tips.Tip com.stylefeng.guns.modular.system.controller.RoleController.add(com.stylefeng.guns.modular.system.model.Role,org.springframework.validation.BindingResult)
===2018-12-03 19:16:57.675 INFO  org.springframework.web.servlet.mvc.method.annotation.RequestMappingHandlerMapping Line:547 - Mapped "{[/role/remove]}" onto public com.stylefeng.guns.core.base.tips.Tip com.stylefeng.guns.modular.system.controller.RoleController.remove(java.lang.Integer)
===2018-12-03 19:16:57.675 INFO  org.springframework.web.servlet.mvc.method.annotation.RequestMappingHandlerMapping Line:547 - Mapped "{[/role/list]}" onto public java.lang.Object com.stylefeng.guns.modular.system.controller.RoleController.list(java.lang.String)
===2018-12-03 19:16:57.675 INFO  org.springframework.web.servlet.mvc.method.annotation.RequestMappingHandlerMapping Line:547 - Mapped "{[/role/view/{roleId}]}" onto public com.stylefeng.guns.core.base.tips.Tip com.stylefeng.guns.modular.system.controller.RoleController.view(java.lang.Integer)
===2018-12-03 19:16:57.676 INFO  org.springframework.web.servlet.mvc.method.annotation.RequestMappingHandlerMapping Line:547 - Mapped "{[/role/roleTreeListByUserId/{userId}]}" onto public java.util.List<com.stylefeng.guns.core.node.ZTreeNode> com.stylefeng.guns.modular.system.controller.RoleController.roleTreeListByUserId(java.lang.Integer)
===2018-12-03 19:16:57.676 INFO  org.springframework.web.servlet.mvc.method.annotation.RequestMappingHandlerMapping Line:547 - Mapped "{[/role/edit]}" onto public com.stylefeng.guns.core.base.tips.Tip com.stylefeng.guns.modular.system.controller.RoleController.edit(com.stylefeng.guns.modular.system.model.Role,org.springframework.validation.BindingResult)
===2018-12-03 19:16:57.676 INFO  org.springframework.web.servlet.mvc.method.annotation.RequestMappingHandlerMapping Line:547 - Mapped "{[/role/roleTreeList]}" onto public java.util.List<com.stylefeng.guns.core.node.ZTreeNode> com.stylefeng.guns.modular.system.controller.RoleController.roleTreeList()
===2018-12-03 19:16:57.677 INFO  org.springframework.web.servlet.mvc.method.annotation.RequestMappingHandlerMapping Line:547 - Mapped "{[/role/role_assign/{roleId}]}" onto public java.lang.String com.stylefeng.guns.modular.system.controller.RoleController.roleAssign(java.lang.Integer,org.springframework.ui.Model)
===2018-12-03 19:16:57.677 INFO  org.springframework.web.servlet.mvc.method.annotation.RequestMappingHandlerMapping Line:547 - Mapped "{[/role/setAuthority]}" onto public com.stylefeng.guns.core.base.tips.Tip com.stylefeng.guns.modular.system.controller.RoleController.setAuthority(java.lang.Integer,java.lang.String)
===2018-12-03 19:16:57.677 INFO  org.springframework.web.servlet.mvc.method.annotation.RequestMappingHandlerMapping Line:547 - Mapped "{[/role/role_add]}" onto public java.lang.String com.stylefeng.guns.modular.system.controller.RoleController.roleAdd()
===2018-12-03 19:16:57.677 INFO  org.springframework.web.servlet.mvc.method.annotation.RequestMappingHandlerMapping Line:547 - Mapped "{[/role/role_edit/{roleId}]}" onto public java.lang.String com.stylefeng.guns.modular.system.controller.RoleController.roleEdit(java.lang.Integer,org.springframework.ui.Model)
===2018-12-03 19:16:57.679 INFO  org.springframework.web.servlet.mvc.method.annotation.RequestMappingHandlerMapping Line:547 - Mapped "{[/mgr]}" onto public java.lang.String com.stylefeng.guns.modular.system.controller.UserMgrController.index()
===2018-12-03 19:16:57.679 INFO  org.springframework.web.servlet.mvc.method.annotation.RequestMappingHandlerMapping Line:547 - Mapped "{[/mgr/add]}" onto public com.stylefeng.guns.core.base.tips.Tip com.stylefeng.guns.modular.system.controller.UserMgrController.add(com.stylefeng.guns.modular.system.transfer.UserDto,org.springframework.validation.BindingResult)
===2018-12-03 19:16:57.679 INFO  org.springframework.web.servlet.mvc.method.annotation.RequestMappingHandlerMapping Line:547 - Mapped "{[/mgr/delete]}" onto public com.stylefeng.guns.core.base.tips.Tip com.stylefeng.guns.modular.system.controller.UserMgrController.delete(java.lang.Integer)
===2018-12-03 19:16:57.679 INFO  org.springframework.web.servlet.mvc.method.annotation.RequestMappingHandlerMapping Line:547 - Mapped "{[/mgr/list]}" onto public java.lang.Object com.stylefeng.guns.modular.system.controller.UserMgrController.list(java.lang.String,java.lang.String,java.lang.String,java.lang.Integer)
===2018-12-03 19:16:57.680 INFO  org.springframework.web.servlet.mvc.method.annotation.RequestMappingHandlerMapping Line:547 - Mapped "{[/mgr/reset]}" onto public com.stylefeng.guns.core.base.tips.Tip com.stylefeng.guns.modular.system.controller.UserMgrController.reset(java.lang.Integer)
===2018-12-03 19:16:57.680 INFO  org.springframework.web.servlet.mvc.method.annotation.RequestMappingHandlerMapping Line:547 - Mapped "{[/mgr/user_info]}" onto public java.lang.String com.stylefeng.guns.modular.system.controller.UserMgrController.userInfo(org.springframework.ui.Model)
===2018-12-03 19:16:57.680 INFO  org.springframework.web.servlet.mvc.method.annotation.RequestMappingHandlerMapping Line:547 - Mapped "{[/mgr/freeze]}" onto public com.stylefeng.guns.core.base.tips.Tip com.stylefeng.guns.modular.system.controller.UserMgrController.freeze(java.lang.Integer)
===2018-12-03 19:16:57.680 INFO  org.springframework.web.servlet.mvc.method.annotation.RequestMappingHandlerMapping Line:547 - Mapped "{[/mgr/setRole]}" onto public com.stylefeng.guns.core.base.tips.Tip com.stylefeng.guns.modular.system.controller.UserMgrController.setRole(java.lang.Integer,java.lang.String)
===2018-12-03 19:16:57.681 INFO  org.springframework.web.servlet.mvc.method.annotation.RequestMappingHandlerMapping Line:547 - Mapped "{[/mgr/view/{userId}]}" onto public com.stylefeng.guns.modular.system.model.User com.stylefeng.guns.modular.system.controller.UserMgrController.view(java.lang.Integer)
===2018-12-03 19:16:57.681 INFO  org.springframework.web.servlet.mvc.method.annotation.RequestMappingHandlerMapping Line:547 - Mapped "{[/mgr/edit]}" onto public com.stylefeng.guns.core.base.tips.Tip com.stylefeng.guns.modular.system.controller.UserMgrController.edit(com.stylefeng.guns.modular.system.transfer.UserDto,org.springframework.validation.BindingResult) throws javax.naming.NoPermissionException
===2018-12-03 19:16:57.681 INFO  org.springframework.web.servlet.mvc.method.annotation.RequestMappingHandlerMapping Line:547 - Mapped "{[/mgr/role_assign/{userId}]}" onto public java.lang.String com.stylefeng.guns.modular.system.controller.UserMgrController.roleAssign(java.lang.Integer,org.springframework.ui.Model)
===2018-12-03 19:16:57.681 INFO  org.springframework.web.servlet.mvc.method.annotation.RequestMappingHandlerMapping Line:547 - Mapped "{[/mgr/user_add]}" onto public java.lang.String com.stylefeng.guns.modular.system.controller.UserMgrController.addView()
===2018-12-03 19:16:57.682 INFO  org.springframework.web.servlet.mvc.method.annotation.RequestMappingHandlerMapping Line:547 - Mapped "{[/mgr/user_chpwd]}" onto public java.lang.String com.stylefeng.guns.modular.system.controller.UserMgrController.chPwd()
===2018-12-03 19:16:57.682 INFO  org.springframework.web.servlet.mvc.method.annotation.RequestMappingHandlerMapping Line:547 - Mapped "{[/mgr/changePwd]}" onto public java.lang.Object com.stylefeng.guns.modular.system.controller.UserMgrController.changePwd(java.lang.String,java.lang.String,java.lang.String)
===2018-12-03 19:16:57.682 INFO  org.springframework.web.servlet.mvc.method.annotation.RequestMappingHandlerMapping Line:547 - Mapped "{[/mgr/user_edit/{userId}]}" onto public java.lang.String com.stylefeng.guns.modular.system.controller.UserMgrController.userEdit(java.lang.Integer,org.springframework.ui.Model)
===2018-12-03 19:16:57.682 INFO  org.springframework.web.servlet.mvc.method.annotation.RequestMappingHandlerMapping Line:547 - Mapped "{[/mgr/upload],methods=[POST]}" onto public java.lang.String com.stylefeng.guns.modular.system.controller.UserMgrController.upload(org.springframework.web.multipart.MultipartFile)
===2018-12-03 19:16:57.683 INFO  org.springframework.web.servlet.mvc.method.annotation.RequestMappingHandlerMapping Line:547 - Mapped "{[/mgr/unfreeze]}" onto public com.stylefeng.guns.core.base.tips.Tip com.stylefeng.guns.modular.system.controller.UserMgrController.unfreeze(java.lang.Integer)
===2018-12-03 19:16:57.684 INFO  org.springframework.web.servlet.mvc.method.annotation.RequestMappingHandlerMapping Line:547 - Mapped "{[/global/error]}" onto public java.lang.String com.stylefeng.guns.core.base.controller.GlobalController.errorPage()
===2018-12-03 19:16:57.684 INFO  org.springframework.web.servlet.mvc.method.annotation.RequestMappingHandlerMapping Line:547 - Mapped "{[/global/sessionError]}" onto public java.lang.String com.stylefeng.guns.core.base.controller.GlobalController.errorPageInfo(org.springframework.ui.Model)
===2018-12-03 19:16:57.687 INFO  org.springframework.web.servlet.mvc.method.annotation.RequestMappingHandlerMapping Line:547 - Mapped "{[/swagger-resources/configuration/security]}" onto public org.springframework.http.ResponseEntity<springfox.documentation.swagger.web.SecurityConfiguration> springfox.documentation.swagger.web.ApiResourceController.securityConfiguration()
===2018-12-03 19:16:57.688 INFO  org.springframework.web.servlet.mvc.method.annotation.RequestMappingHandlerMapping Line:547 - Mapped "{[/swagger-resources]}" onto public org.springframework.http.ResponseEntity<java.util.List<springfox.documentation.swagger.web.SwaggerResource>> springfox.documentation.swagger.web.ApiResourceController.swaggerResources()
===2018-12-03 19:16:57.689 INFO  org.springframework.web.servlet.mvc.method.annotation.RequestMappingHandlerMapping Line:547 - Mapped "{[/swagger-resources/configuration/ui]}" onto public org.springframework.http.ResponseEntity<springfox.documentation.swagger.web.UiConfiguration> springfox.documentation.swagger.web.ApiResourceController.uiConfiguration()
===2018-12-03 19:16:57.692 INFO  org.springframework.web.servlet.mvc.method.annotation.RequestMappingHandlerMapping Line:547 - Mapped "{[/error]}" onto public org.springframework.http.ResponseEntity<java.util.Map<java.lang.String, java.lang.Object>> org.springframework.boot.autoconfigure.web.servlet.error.BasicErrorController.error(javax.servlet.http.HttpServletRequest)
===2018-12-03 19:16:57.693 INFO  org.springframework.web.servlet.mvc.method.annotation.RequestMappingHandlerMapping Line:547 - Mapped "{[/error],produces=[text/html]}" onto public org.springframework.web.servlet.ModelAndView org.springframework.boot.autoconfigure.web.servlet.error.BasicErrorController.errorHtml(javax.servlet.http.HttpServletRequest,javax.servlet.http.HttpServletResponse)
===2018-12-03 19:16:57.915 INFO  springfox.documentation.spring.web.PropertySourcedRequestMappingHandlerMapping Line:69  - Mapped URL path [/v2/api-docs] onto method [public org.springframework.http.ResponseEntity<springfox.documentation.spring.web.json.Json> springfox.documentation.swagger2.web.Swagger2Controller.getDocumentation(java.lang.String,javax.servlet.http.HttpServletRequest)]
===2018-12-03 19:16:58.356 INFO  org.springframework.web.servlet.mvc.method.annotation.RequestMappingHandlerAdapter Line:574 - Looking for @ControllerAdvice: org.springframework.boot.web.servlet.context.AnnotationConfigServletWebServerApplicationContext@6cf0871e: startup date [Mon Dec 03 19:16:52 CST 2018]; root of context hierarchy
===2018-12-03 19:16:58.470 INFO  org.springframework.web.servlet.handler.SimpleUrlHandlerMapping Line:373 - Mapped URL path [/**/favicon.ico] onto handler of type [class org.springframework.web.servlet.resource.ResourceHttpRequestHandler]
===2018-12-03 19:16:58.532 INFO  org.springframework.web.servlet.handler.SimpleUrlHandlerMapping Line:373 - Mapped URL path [/webjars/**] onto handler of type [class org.springframework.web.servlet.resource.ResourceHttpRequestHandler]
===2018-12-03 19:16:58.532 INFO  org.springframework.web.servlet.handler.SimpleUrlHandlerMapping Line:373 - Mapped URL path [/static/**] onto handler of type [class org.springframework.web.servlet.resource.ResourceHttpRequestHandler]
===2018-12-03 19:16:58.532 INFO  org.springframework.web.servlet.handler.SimpleUrlHandlerMapping Line:373 - Mapped URL path [/swagger-ui.html] onto handler of type [class org.springframework.web.servlet.resource.ResourceHttpRequestHandler]
===2018-12-03 19:16:58.556 INFO  org.springframework.web.servlet.mvc.method.annotation.ExceptionHandlerExceptionResolver Line:288 - Detected @ExceptionHandler methods in globalExceptionHandler
===2018-12-03 19:16:58.856 INFO  org.springframework.boot.devtools.autoconfigure.OptionalLiveReloadServer Line:57  - LiveReload server is running on port 35729
===2018-12-03 19:16:58.893 INFO  org.springframework.jmx.export.annotation.AnnotationMBeanExporter Line:433 - Registering beans for JMX exposure on startup
===2018-12-03 19:16:58.901 INFO  org.springframework.context.support.DefaultLifecycleProcessor Line:351 - Starting beans in phase 2147483647
===2018-12-03 19:16:58.901 INFO  springfox.documentation.spring.web.plugins.DocumentationPluginsBootstrapper Line:160 - Context refreshed
===2018-12-03 19:16:58.916 INFO  springfox.documentation.spring.web.plugins.DocumentationPluginsBootstrapper Line:163 - Found 1 custom documentation plugin(s)
===2018-12-03 19:16:58.947 INFO  springfox.documentation.spring.web.scanners.ApiListingReferenceScanner Line:41  - Scanning for api listing references
===2018-12-03 19:16:59.037 INFO  org.apache.coyote.http11.Http11NioProtocol Line:180 - Starting ProtocolHandler ["http-nio-8080"]
===2018-12-03 19:16:59.047 INFO  org.apache.tomcat.util.net.NioSelectorPool Line:180 - Using a shared selector for servlet write/read
===2018-12-03 19:16:59.061 INFO  org.springframework.boot.web.embedded.tomcat.TomcatWebServer Line:206 - Tomcat started on port(s): 8080 (http) with context path ''
===2018-12-03 19:16:59.065 INFO  com.stylefeng.guns.GunsApplication Line:59  - Started GunsApplication in 7.163 seconds (JVM running for 8.392)
===2018-12-03 19:16:59.068 INFO  com.stylefeng.guns.GunsApplication Line:21  - GunsApplication is success!
